\BOOKMARK [1][-]{section.1}{Introduzione}{}% 1
\BOOKMARK [2][-]{subsection.1.1}{Rappresentazione del problema}{section.1}% 2
\BOOKMARK [1][-]{section.2}{Related Works}{}% 3
\BOOKMARK [1][-]{section.3}{Materiali e Metodi}{}% 4
\BOOKMARK [2][-]{subsection.3.1}{Metodi Euristici Costruttivi}{section.3}% 5
\BOOKMARK [3][-]{subsubsection.3.1.1}{Algoritmo di Savings di Clarke and Wright}{subsection.3.1}% 6
\BOOKMARK [2][-]{subsection.3.2}{Metodi Euristici di Raggruppamento \(Clustering\)}{section.3}% 7
\BOOKMARK [3][-]{subsubsection.3.2.1}{Algoritmo di Fisher and Jaikumar}{subsection.3.2}% 8
\BOOKMARK [3][-]{subsubsection.3.2.2}{Metodo Euristico Route First, Cluster Second}{subsection.3.2}% 9
\BOOKMARK [2][-]{subsection.3.3}{Metodi metaeuristici}{section.3}% 10
\BOOKMARK [3][-]{subsubsection.3.3.1}{Algoritmo Genetico}{subsection.3.3}% 11
\BOOKMARK [1][-]{section.4}{Analisi di Complessit\340}{}% 12
\BOOKMARK [2][-]{subsection.4.1}{Clarke and Wright Sequenziale}{section.4}% 13
\BOOKMARK [2][-]{subsection.4.2}{Clarke and Wright Parallelo}{section.4}% 14
\BOOKMARK [2][-]{subsection.4.3}{Fisher and Jaikumar}{section.4}% 15
\BOOKMARK [3][-]{subsubsection.4.3.1}{Selezioni dei centroidi}{subsection.4.3}% 16
\BOOKMARK [3][-]{subsubsection.4.3.2}{General Assignement Problem solver}{subsection.4.3}% 17
\BOOKMARK [3][-]{subsubsection.4.3.3}{Routing}{subsection.4.3}% 18
\BOOKMARK [3][-]{subsubsection.4.3.4}{Nearest Neighbourn}{subsection.4.3}% 19
\BOOKMARK [3][-]{subsubsection.4.3.5}{Nearest Neighbourn TrackPath}{subsection.4.3}% 20
\BOOKMARK [2][-]{subsection.4.4}{Route First, Cluster Second}{section.4}% 21
\BOOKMARK [2][-]{subsection.4.5}{Algoritmo Genetico}{section.4}% 22
\BOOKMARK [1][-]{section.5}{Risultati}{}% 23
